<?xml version="1.0" encoding="UTF-8"?>
<!-- Generated by org.testng.reporters.JUnitReportReporter -->
<testsuite hostname="DESKTOP-DET66HP" failures="0" tests="1" name="RestAssuredProject.RestAssuredProject.WaysToCreatePOSTUsingExistingJSONFile" time="1.340" errors="0" timestamp="2025-12-12T16:08:36 IST" skipped="0">
  <testcase classname="RestAssuredProject.RestAssuredProject.WaysToCreatePOSTUsingExistingJSONFile" name="delete" time="1.340"/>
</testsuite> <!-- RestAssuredProject.RestAssuredProject.WaysToCreatePOSTUsingExistingJSONFile -->
