<?xml version="1.0" encoding="UTF-8"?>
<!-- Generated by org.testng.reporters.JUnitReportReporter -->
<testsuite hostname="DESKTOP-DET66HP" failures="0" tests="1" name="RestAssuredProject.RestAssuredProject.WaysToCreatePOSTUsingOrgLibrary" time="1.094" errors="0" timestamp="2025-12-11T18:13:17 IST" skipped="0">
  <testcase classname="RestAssuredProject.RestAssuredProject.WaysToCreatePOSTUsingOrgLibrary" name="delete" time="1.094"/>
</testsuite> <!-- RestAssuredProject.RestAssuredProject.WaysToCreatePOSTUsingOrgLibrary -->
