<?xml version="1.0" encoding="UTF-8"?>
<!-- Generated by org.testng.reporters.JUnitReportReporter -->
<testsuite hostname="DESKTOP-DET66HP" failures="0" tests="1" name="RestAssuredProject.RestAssuredProject.WaysToCreatePOSTUsingPOJO" time="2.647" errors="0" timestamp="2025-12-11T19:30:15 IST" skipped="0">
  <testcase classname="RestAssuredProject.RestAssuredProject.WaysToCreatePOSTUsingPOJO" name="delete" time="2.647"/>
</testsuite> <!-- RestAssuredProject.RestAssuredProject.WaysToCreatePOSTUsingPOJO -->
