<?xml version="1.0" encoding="UTF-8"?>
<!-- Generated by org.testng.reporters.JUnitReportReporter -->
<testsuite hostname="DESKTOP-DET66HP" failures="0" tests="2" name="RestAssuredProject.RestAssuredProject.WaysToCreatePOST" time="4.319" errors="0" timestamp="2025-12-11T13:19:46 IST" skipped="0">
  <testcase classname="RestAssuredProject.RestAssuredProject.WaysToCreatePOST" name="postTestUsingHashMap" time="4.265"/>
  <testcase classname="RestAssuredProject.RestAssuredProject.WaysToCreatePOST" name="delete" time="0.054"/>
</testsuite> <!-- RestAssuredProject.RestAssuredProject.WaysToCreatePOST -->
