<?xml version="1.0" encoding="UTF-8"?>
<testng-results ignored="0" total="2" passed="2" failed="0" skipped="0">
  <reporter-output>
  </reporter-output>
  <suite started-at="2025-12-11T13:19:41 IST" name="Default suite" finished-at="2025-12-11T13:19:46 IST" duration-ms="4404">
    <groups>
    </groups>
    <test started-at="2025-12-11T13:19:41 IST" name="Default test" finished-at="2025-12-11T13:19:46 IST" duration-ms="4404">
      <class name="RestAssuredProject.RestAssuredProject.WaysToCreatePOST">
        <test-method signature="postTestUsingHashMap()[pri:1, instance:RestAssuredProject.RestAssuredProject.WaysToCreatePOST@42a48628]" started-at="2025-12-11T13:19:41 IST" name="postTestUsingHashMap" finished-at="2025-12-11T13:19:46 IST" duration-ms="4265" status="PASS">
          <reporter-output>
          </reporter-output>
        </test-method> <!-- postTestUsingHashMap -->
        <test-method signature="delete()[pri:2, instance:RestAssuredProject.RestAssuredProject.WaysToCreatePOST@42a48628]" started-at="2025-12-11T13:19:46 IST" name="delete" finished-at="2025-12-11T13:19:46 IST" duration-ms="54" status="PASS">
          <reporter-output>
          </reporter-output>
        </test-method> <!-- delete -->
      </class> <!-- RestAssuredProject.RestAssuredProject.WaysToCreatePOST -->
    </test> <!-- Default test -->
  </suite> <!-- Default suite -->
</testng-results>
