<?xml version="1.0" encoding="UTF-8"?>
<testng-results ignored="0" total="1" passed="1" failed="0" skipped="0">
  <reporter-output>
  </reporter-output>
  <suite started-at="2025-12-12T16:08:35 IST" name="Default suite" finished-at="2025-12-12T16:08:36 IST" duration-ms="1383">
    <groups>
    </groups>
    <test started-at="2025-12-12T16:08:35 IST" name="Default test" finished-at="2025-12-12T16:08:36 IST" duration-ms="1383">
      <class name="RestAssuredProject.RestAssuredProject.WaysToCreatePOSTUsingExistingJSONFile">
        <test-method signature="delete()[pri:2, instance:RestAssuredProject.RestAssuredProject.WaysToCreatePOSTUsingExistingJSONFile@42a48628]" started-at="2025-12-12T16:08:35 IST" name="delete" finished-at="2025-12-12T16:08:36 IST" duration-ms="1340" status="PASS">
          <reporter-output>
          </reporter-output>
        </test-method> <!-- delete -->
      </class> <!-- RestAssuredProject.RestAssuredProject.WaysToCreatePOSTUsingExistingJSONFile -->
    </test> <!-- Default test -->
  </suite> <!-- Default suite -->
</testng-results>
